<?xml version="1.0" encoding="UTF-8"?>
<!-- Generated by org.testng.reporters.JUnitReportReporter -->
<testsuite skipped="0" hostname="Mounika" name="com.TestNG.WebTable_Dynamic" tests="1" failures="0" timestamp="08 Mar 2020 18:28:19 GMT" time="6.855" errors="0">
  <testcase name="WebTable" time="6.855" classname="com.TestNG.WebTable_Dynamic"/>
</testsuite> <!-- com.TestNG.WebTable_Dynamic -->
