<?xml version="1.0" encoding="UTF-8"?>
<!-- Generated by org.testng.reporters.JUnitReportReporter -->
<testsuite skipped="0" hostname="Mounika" name="com.TestNG.Rediffmail_FullName" tests="1" failures="0" timestamp="10 Mar 2020 11:06:47 GMT" time="0.213" errors="0">
  <testcase name="FullName" time="0.213" classname="com.TestNG.Rediffmail_FullName"/>
</testsuite> <!-- com.TestNG.Rediffmail_FullName -->
