<?xml version="1.0" encoding="UTF-8"?>
<!-- Generated by org.testng.reporters.JUnitReportReporter -->
<testsuite skipped="0" hostname="Mounika" name="com.TestNG.Login_MutlipleTestData_NewTours" tests="1" failures="0" timestamp="08 Mar 2020 18:05:59 GMT" time="18.544" errors="0">
  <testcase name="logIn" time="18.544" classname="com.TestNG.Login_MutlipleTestData_NewTours"/>
</testsuite> <!-- com.TestNG.Login_MutlipleTestData_NewTours -->
