<?xml version="1.0" encoding="UTF-8"?>
<!-- Generated by org.testng.reporters.JUnitReportReporter -->
<testsuite skipped="0" hostname="Mounika" name="com.NewToursApplication_TestCases.NewTours_LogInPageTest" tests="5" failures="0" timestamp="11 Mar 2020 09:21:26 GMT" time="91.536" errors="0">
  <testcase name="signOn" time="14.299" classname="com.NewToursApplication_TestCases.NewTours_LogInPageTest"/>
  <testcase name="Register" time="15.750" classname="com.NewToursApplication_TestCases.NewTours_LogInPageTest"/>
  <testcase name="LogIn" time="34.402" classname="com.NewToursApplication_TestCases.NewTours_LogInPageTest"/>
  <testcase name="Support" time="13.432" classname="com.NewToursApplication_TestCases.NewTours_LogInPageTest"/>
  <testcase name="Contact" time="13.653" classname="com.NewToursApplication_TestCases.NewTours_LogInPageTest"/>
</testsuite> <!-- com.NewToursApplication_TestCases.NewTours_LogInPageTest -->
